2025-10-04 00:28:37,157 - __main__ - INFO - ============================================================
2025-10-04 00:28:37,158 - __main__ - INFO - Iniciando Hitagi Companion System
2025-10-04 00:28:37,158 - __main__ - INFO - ============================================================
2025-10-04 00:28:38,098 - __main__ - INFO - Iniciando sessão: session_1759548518
2025-10-04 00:28:39,761 - __main__ - ERROR - Erro no TaskGroup: received 1007 (invalid frame payload data) Request contains an invalid argument.; then sent 1007 (invalid frame payload data) Request contains an invalid argument.
2025-10-04 00:28:39,776 - __main__ - INFO - Limpando recursos...
2025-10-04 00:28:39,777 - __main__ - INFO - Recursos limpos
2025-10-04 00:28:39,777 - __main__ - INFO - Sistema encerrado
2025-10-04 00:30:25,215 - __main__ - INFO - ============================================================
2025-10-04 00:30:25,215 - __main__ - INFO - Iniciando Hitagi Companion System
2025-10-04 00:30:25,215 - __main__ - INFO - ============================================================
2025-10-04 00:30:26,116 - __main__ - INFO - Iniciando sessão: session_1759548626
2025-10-04 00:30:27,787 - __main__ - ERROR - Erro no TaskGroup: received 1007 (invalid frame payload data) Request contains an invalid argument.; then sent 1007 (invalid frame payload data) Request contains an invalid argument.
2025-10-04 00:30:27,791 - __main__ - INFO - Limpando recursos...
2025-10-04 00:30:27,792 - __main__ - INFO - Recursos limpos
2025-10-04 00:30:27,792 - __main__ - INFO - Sistema encerrado
2025-10-04 00:49:46,033 - __main__ - INFO - ============================================================
2025-10-04 00:49:46,034 - __main__ - INFO - Iniciando Hitagi Companion System
2025-10-04 00:49:46,034 - __main__ - INFO - ============================================================
2025-10-04 00:49:46,981 - __main__ - INFO - Iniciando sessão: session_1759549786
2025-10-04 00:49:48,683 - __main__ - ERROR - Erro no TaskGroup: received 1007 (invalid frame payload data) Request contains an invalid argument.; then sent 1007 (invalid frame payload data) Request contains an invalid argument.
2025-10-04 00:49:48,687 - __main__ - INFO - Limpando recursos...
2025-10-04 00:49:48,688 - __main__ - INFO - Recursos limpos
2025-10-04 00:49:48,688 - __main__ - INFO - Sistema encerrado
2025-10-04 00:54:14,464 - __main__ - INFO - ============================================================
2025-10-04 00:54:14,464 - __main__ - INFO - Iniciando Hitagi Companion System
2025-10-04 00:54:14,464 - __main__ - INFO - ============================================================
2025-10-04 00:54:15,379 - __main__ - INFO - Executando connect-only probe (--connect-test)
2025-10-04 00:54:18,023 - __main__ - ERROR - Connect probe: connect failed: received 1007 (invalid frame payload data) Request contains an invalid argument.; then sent 1007 (invalid frame payload data) Request contains an invalid argument.
2025-10-04 00:54:18,026 - __main__ - INFO - Limpando recursos...
2025-10-04 00:54:18,027 - __main__ - INFO - Recursos limpos
2025-10-04 00:54:48,649 - __main__ - INFO - ============================================================
2025-10-04 00:54:48,650 - __main__ - INFO - Iniciando Hitagi Companion System
2025-10-04 00:54:48,650 - __main__ - INFO - ============================================================
2025-10-04 00:54:49,561 - __main__ - INFO - Executando connect-only probe (--connect-test)
2025-10-04 00:54:52,197 - __main__ - ERROR - Connect probe: connect failed: received 1007 (invalid frame payload data) Request contains an invalid argument.; then sent 1007 (invalid frame payload data) Request contains an invalid argument.
2025-10-04 00:54:52,200 - __main__ - INFO - Limpando recursos...
2025-10-04 00:54:52,201 - __main__ - INFO - Recursos limpos
2025-10-04 00:57:24,344 - __main__ - INFO - ============================================================
2025-10-04 00:57:24,345 - __main__ - INFO - Iniciando Hitagi Companion System
2025-10-04 00:57:24,345 - __main__ - INFO - ============================================================
2025-10-04 00:57:25,248 - __main__ - INFO - Construindo e exibindo o payload de connect (sem enviar)
2025-10-04 00:57:25,248 - __main__ - INFO - Limpando recursos...
2025-10-04 00:57:25,249 - __main__ - INFO - Recursos limpos
2025-10-04 00:58:40,168 - __main__ - INFO - ============================================================
2025-10-04 00:58:40,168 - __main__ - INFO - Iniciando Hitagi Companion System
2025-10-04 00:58:40,168 - __main__ - INFO - ============================================================
2025-10-04 00:58:41,076 - __main__ - INFO - Construindo e exibindo o payload de connect (sem enviar)
2025-10-04 00:58:41,076 - __main__ - INFO - Limpando recursos...
2025-10-04 00:58:41,077 - __main__ - INFO - Recursos limpos
2025-10-04 01:00:02,509 - __main__ - INFO - ============================================================
2025-10-04 01:00:02,509 - __main__ - INFO - Iniciando Hitagi Companion System
2025-10-04 01:00:02,509 - __main__ - INFO - ============================================================
2025-10-04 01:00:03,452 - __main__ - INFO - Construindo e exibindo URI e headers do websocket (sem conectar)
2025-10-04 01:00:03,453 - __main__ - INFO - Limpando recursos...
2025-10-04 01:00:03,453 - __main__ - INFO - Recursos limpos
2025-10-04 01:00:47,427 - __main__ - INFO - ============================================================
2025-10-04 01:00:47,427 - __main__ - INFO - Iniciando Hitagi Companion System
2025-10-04 01:00:47,427 - __main__ - INFO - ============================================================
2025-10-04 01:00:48,334 - __main__ - INFO - Iniciando sessão: session_1759550448
2025-10-04 01:00:48,334 - __main__ - INFO - genai SDK version: 1.41.0
2025-10-04 01:00:49,309 - __main__ - ERROR - Erro no TaskGroup: received 1011 (internal error) You exceeded your current quota, please check your plan and billing details. For more information on this error, head to: h; then sent 1011 (internal error) You exceeded your current quota, please check your plan and billing details. For more information on this error, head to: h
2025-10-04 01:00:49,313 - __main__ - INFO - Limpando recursos...
2025-10-04 01:00:49,313 - __main__ - INFO - Recursos limpos
2025-10-04 01:00:49,313 - __main__ - INFO - Sistema encerrado
2025-10-04 01:01:17,056 - __main__ - INFO - ============================================================
2025-10-04 01:01:17,056 - __main__ - INFO - Iniciando Hitagi Companion System
2025-10-04 01:01:17,056 - __main__ - INFO - ============================================================
2025-10-04 01:01:17,958 - __main__ - INFO - Executando raw websocket probe (--raw-probe)
2025-10-04 01:01:19,660 - __main__ - ERROR - Error receiving raw response: received 1011 (internal error) You exceeded your current quota, please check your plan and billing details. For more information on this error, head to: h; then sent 1011 (internal error) You exceeded your current quota, please check your plan and billing details. For more information on this error, head to: h
2025-10-04 01:01:19,663 - __main__ - INFO - Limpando recursos...
2025-10-04 01:01:19,663 - __main__ - INFO - Recursos limpos
2025-10-04 01:04:48,532 - __main__ - INFO - ============================================================
2025-10-04 01:04:48,533 - __main__ - INFO - Iniciando Hitagi Companion System
2025-10-04 01:04:48,533 - __main__ - INFO - ============================================================
2025-10-04 01:04:49,450 - __main__ - INFO - Executando raw websocket probe (--raw-probe)
2025-10-04 01:04:51,098 - __main__ - ERROR - Error receiving raw response: received 1007 (invalid frame payload data) Cannot extract voices from a non-audio request.; then sent 1007 (invalid frame payload data) Cannot extract voices from a non-audio request.
2025-10-04 01:04:51,101 - __main__ - INFO - Limpando recursos...
2025-10-04 01:04:51,101 - __main__ - INFO - Recursos limpos
